<?xml version="1.0" encoding="UTF-8"?>
<!-- Generated by org.testng.reporters.JUnitReportReporter -->
<testsuite skipped="0" hostname="INMAAWN5384001" name="com.testcases.HomePageTests" tests="1" failures="0" timestamp="12 Aug 2019 08:49:12 GMT" time="8.981" errors="0">
  <testcase name="test3" time="8.981" classname="com.testcases.HomePageTests"/>
</testsuite> <!-- com.testcases.HomePageTests -->
