<?xml version="1.0" encoding="UTF-8"?>
<!-- Generated by org.testng.reporters.JUnitReportReporter -->
<testsuite skipped="0" hostname="INMAAWN53000190" name="com.testcases.FacilityViewTests" tests="3" failures="0" timestamp="07 Dec 2019 07:01:02 GMT" time="50.830" errors="0">
  <testcase name="test2" time="16.931" classname="com.testcases.FacilityViewTests"/>
  <testcase name="test1" time="16.894" classname="com.testcases.FacilityViewTests"/>
  <testcase name="test1" time="17.005" classname="com.testcases.FacilityViewTests"/>
</testsuite> <!-- com.testcases.FacilityViewTests -->
